
001 H		1.00794 
002 He		4.002602	m
003 Li		6.941 
004 Be		9.012182 
005 B		10.811 		m
006 C		12.011 		m
007 N		14.00674 	m
008 O		15.9994 	m
009 F		18.9984032	m
010 Ne		20.1797		m
011 Na		22.989768 
012 Mg		24.3050 
013 Al		26.981539 
014 Si		28.0855		m 
015 P		30.973762 	m
016 S		32.066 		m
017 Cl		35.4527		m
018 Ar		39.948 		m
019 K		39.0983
020 Ca		40.078 
021 Sc		44.955910 
022 Ti		47.88 
023 V		50.9415 
024 Cr		51.9961 
025 Mn		54.93805 
026 Fe		55.847 
027 Co		58.93320 
028 Ni		58.69 
029 Cu		63.546 
030 Zn		65.39 
031 Ga		69.723 
032 Ge		72.61 
033 As		74.92159	m 
034 Se		78.96 		m
035 Br		79.904 		m
036 Kr		83.80 		m
037 Rb		85.4678 
038 Sr		87.62 
039 Y		88.90585 
040 Zr		91.224 
041 Nb		92.90638 
042 Mo		95.94 
043 Tc		97.9072 
044 Ru		101.07 
045 Rh		102.90550 
046 Pd		106.42 
047 Ag		107.8682 
048 Cd		112.411 
049 In		114.82 
050 Sn		118.710 
051 Sb		121.75 
052 Te		127.60		m 
053 I		126.90447 	m
054 Xe		131.29 		m
055 Cs		132.90543 
056 Ba		137.327 
057 La		138.9055
058 Ce		140.115 
059 Pr		140.90765 
060 Nd		144.24 
061 Pm		144.9127 
062 Sm		150.36 
063 Eu		151.965 
064 Gd		157.25 
065 Tb		158.92534 
066 Dy		162.50 
067 Ho		164.93032 
068 Er		167.26 
069 Tm		168.93421 
070 Yb		173.04 
071 Lu		174.967
072 Hf		178.49 
073 Ta		180.9479 
074 W		183.85 
075 Re		186.207 
076 Os		190.2 
077 Ir		192.22 
078 Pt		195.08 
079 Au		196.96654 
080 Hg		200.59 
081 Tl		204.3833 
082 Pb		207.2 
083 Bi		208.98037
084 Po		208.9824 
085 At		209.9871	m
086 Rn		222.0176	m
087 Fr		223.0197 
088 Ra		226.0254 
089 Ac		227.0278 
090 Th		232.0381 
091 Pa		231.03588 
092 U		238.0508 
093 Np		237.0482 
094 Pu		244.0642 
095 Am		243.0614 
096 Cm		247.0703 
097 Bk		247.0703 
098 Cf		242.0587 
099 Es		252.083 
100 Fm		257.0951 
101 Md		258.10 
102 No		259.1009 
103 Lr		260.105
104 Unq		261.11
105 Unp		262.114
106 Unh		263.118
107 Uns		262.12

